<?xml version="1.0" encoding="UTF-8"?>
<coverage generated="1726788708947" clover="3.2.0">
  <project timestamp="1726788708947" name="All files">
    <metrics statements="68" coveredstatements="65" conditionals="38" coveredconditionals="33" methods="19" coveredmethods="18" elements="125" coveredelements="116" complexity="0" loc="68" ncloc="68" packages="8" files="9" classes="9"/>
    <package name="src.app.router">
      <metrics statements="4" coveredstatements="4" conditionals="0" coveredconditionals="0" methods="3" coveredmethods="2"/>
      <file name="RouterApp.tsx" path="E:\Users\1133793\Documents\microfronts\aws\mfe-host-torrecontrol\src\app\router\RouterApp.tsx">
        <metrics statements="4" coveredstatements="4" conditionals="0" coveredconditionals="0" methods="3" coveredmethods="2"/>
        <line num="6" count="1" type="stmt"/>
        <line num="8" count="1" type="stmt"/>
        <line num="10" count="1" type="stmt"/>
        <line num="11" count="3" type="stmt"/>
      </file>
    </package>
    <package name="src.data.repositories">
      <metrics statements="2" coveredstatements="2" conditionals="0" coveredconditionals="0" methods="1" coveredmethods="1"/>
      <file name="AuthRepository.ts" path="E:\Users\1133793\Documents\microfronts\aws\mfe-host-torrecontrol\src\data\repositories\AuthRepository.ts">
        <metrics statements="2" coveredstatements="2" conditionals="0" coveredconditionals="0" methods="1" coveredmethods="1"/>
        <line num="8" count="2" type="stmt"/>
        <line num="9" count="1" type="stmt"/>
      </file>
    </package>
    <package name="src.data.services">
      <metrics statements="7" coveredstatements="7" conditionals="3" coveredconditionals="2" methods="2" coveredmethods="2"/>
      <file name="AuthService.ts" path="E:\Users\1133793\Documents\microfronts\aws\mfe-host-torrecontrol\src\data\services\AuthService.ts">
        <metrics statements="7" coveredstatements="7" conditionals="3" coveredconditionals="2" methods="2" coveredmethods="2"/>
        <line num="9" count="3" type="stmt"/>
        <line num="13" count="3" type="stmt"/>
        <line num="14" count="3" type="stmt"/>
        <line num="15" count="2" type="cond" truecount="2" falsecount="0"/>
        <line num="16" count="1" type="stmt"/>
        <line num="18" count="1" type="stmt"/>
        <line num="20" count="1" type="stmt"/>
      </file>
    </package>
    <package name="src.presentation.components">
      <metrics statements="30" coveredstatements="27" conditionals="13" coveredconditionals="11" methods="4" coveredmethods="4"/>
      <file name="TokenAuth.tsx" path="E:\Users\1133793\Documents\microfronts\aws\mfe-host-torrecontrol\src\presentation\components\TokenAuth.tsx">
        <metrics statements="30" coveredstatements="27" conditionals="13" coveredconditionals="11" methods="4" coveredmethods="4"/>
        <line num="7" count="1" type="stmt"/>
        <line num="8" count="6" type="stmt"/>
        <line num="9" count="6" type="stmt"/>
        <line num="10" count="6" type="stmt"/>
        <line num="11" count="6" type="stmt"/>
        <line num="12" count="6" type="stmt"/>
        <line num="14" count="6" type="stmt"/>
        <line num="15" count="3" type="stmt"/>
        <line num="16" count="3" type="stmt"/>
        <line num="17" count="2" type="stmt"/>
        <line num="19" count="2" type="cond" truecount="5" falsecount="0"/>
        <line num="20" count="1" type="stmt"/>
        <line num="21" count="1" type="stmt"/>
        <line num="24" count="1" type="stmt"/>
        <line num="29" count="1" type="cond" truecount="1" falsecount="1"/>
        <line num="30" count="0" type="stmt"/>
        <line num="31" count="0" type="stmt"/>
        <line num="34" count="1" type="stmt"/>
        <line num="35" count="1" type="stmt"/>
        <line num="37" count="1" type="stmt"/>
        <line num="41" count="6" type="stmt"/>
        <line num="42" count="3" type="cond" truecount="1" falsecount="1"/>
        <line num="43" count="3" type="stmt"/>
        <line num="45" count="0" type="stmt"/>
        <line num="49" count="6" type="stmt"/>
        <line num="50" count="6" type="cond" truecount="2" falsecount="0"/>
        <line num="51" count="3" type="cond" truecount="2" falsecount="0"/>
        <line num="52" count="1" type="stmt"/>
        <line num="54" count="2" type="stmt"/>
        <line num="59" count="6" type="stmt"/>
      </file>
    </package>
    <package name="src.safe">
      <metrics statements="9" coveredstatements="9" conditionals="6" coveredconditionals="4" methods="4" coveredmethods="4"/>
      <file name="SafeView.jsx" path="E:\Users\1133793\Documents\microfronts\aws\mfe-host-torrecontrol\src\safe\SafeView.jsx">
        <metrics statements="9" coveredstatements="9" conditionals="6" coveredconditionals="4" methods="4" coveredmethods="4"/>
        <line num="17" count="4" type="stmt"/>
        <line num="18" count="4" type="stmt"/>
        <line num="23" count="2" type="stmt"/>
        <line num="37" count="5" type="cond" truecount="2" falsecount="0"/>
        <line num="38" count="1" type="cond" truecount="1" falsecount="1"/>
        <line num="39" count="1" type="stmt"/>
        <line num="53" count="4" type="stmt"/>
        <line num="56" count="1" type="stmt"/>
        <line num="66" count="1" type="stmt"/>
      </file>
    </package>
    <package name="src.skeleton">
      <metrics statements="10" coveredstatements="10" conditionals="16" coveredconditionals="16" methods="2" coveredmethods="2"/>
      <file name="Skeleton.tsx" path="E:\Users\1133793\Documents\microfronts\aws\mfe-host-torrecontrol\src\skeleton\Skeleton.tsx">
        <metrics statements="10" coveredstatements="10" conditionals="16" coveredconditionals="16" methods="2" coveredmethods="2"/>
        <line num="11" count="1" type="stmt"/>
        <line num="12" count="1" type="stmt"/>
        <line num="13" count="1" type="stmt"/>
        <line num="21" count="6" type="stmt"/>
        <line num="22" count="6" type="stmt"/>
        <line num="27" count="6" type="stmt"/>
        <line num="28" count="5" type="cond" truecount="4" falsecount="0"/>
        <line num="29" count="1" type="stmt"/>
        <line num="33" count="6" type="stmt"/>
        <line num="38" count="6" type="stmt"/>
      </file>
    </package>
    <package name="src.welcome">
      <metrics statements="3" coveredstatements="3" conditionals="0" coveredconditionals="0" methods="2" coveredmethods="2"/>
      <file name="Welcome.tsx" path="E:\Users\1133793\Documents\microfronts\aws\mfe-host-torrecontrol\src\welcome\Welcome.tsx">
        <metrics statements="3" coveredstatements="3" conditionals="0" coveredconditionals="0" methods="2" coveredmethods="2"/>
        <line num="4" count="1" type="stmt"/>
        <line num="7" count="1" type="stmt"/>
        <line num="8" count="2" type="stmt"/>
      </file>
    </package>
    <package name="test.mock">
      <metrics statements="3" coveredstatements="3" conditionals="0" coveredconditionals="0" methods="1" coveredmethods="1"/>
      <file name="LazyComp.tsx" path="E:\Users\1133793\Documents\microfronts\aws\mfe-host-torrecontrol\test\mock\LazyComp.tsx">
        <metrics statements="2" coveredstatements="2" conditionals="0" coveredconditionals="0" methods="1" coveredmethods="1"/>
        <line num="3" count="1" type="stmt"/>
        <line num="4" count="1" type="stmt"/>
      </file>
      <file name="styleMock.js" path="E:\Users\1133793\Documents\microfronts\aws\mfe-host-torrecontrol\test\mock\styleMock.js">
        <metrics statements="1" coveredstatements="1" conditionals="0" coveredconditionals="0" methods="0" coveredmethods="0"/>
        <line num="1" count="1" type="stmt"/>
      </file>
    </package>
  </project>
</coverage>
