{"E:\\Users\\1133793\\Documents\\microfronts\\aws\\mfe-host-torrecontrol\\src\\app\\router\\RouterApp.tsx": {"path":"E:\\Users\\1133793\\Documents\\microfronts\\aws\\mfe-host-torrecontrol\\src\\app\\router\\RouterApp.tsx","statementMap":{"0":{"start":{"line":6,"column":26},"end":{"line":6,"column":99}},"1":{"start":{"line":6,"column":37},"end":{"line":6,"column":98}},"2":{"start":{"line":8,"column":20},"end":{"line":8,"column":82}},"3":{"start":{"line":8,"column":31},"end":{"line":8,"column":81}},"4":{"start":{"line":10,"column":28},"end":{"line":29,"column":1}},"5":{"start":{"line":11,"column":2},"end":{"line":28,"column":4}}},"fnMap":{"0":{"name":"(anonymous_0)","decl":{"start":{"line":6,"column":31},"end":{"line":6,"column":32}},"loc":{"start":{"line":6,"column":37},"end":{"line":6,"column":98}},"line":6},"1":{"name":"(anonymous_1)","decl":{"start":{"line":8,"column":25},"end":{"line":8,"column":26}},"loc":{"start":{"line":8,"column":31},"end":{"line":8,"column":81}},"line":8},"2":{"name":"(anonymous_2)","decl":{"start":{"line":10,"column":28},"end":{"line":10,"column":29}},"loc":{"start":{"line":10,"column":34},"end":{"line":29,"column":1}},"line":10}},"branchMap":{},"s":{"0":1,"1":0,"2":1,"3":1,"4":1,"5":3},"f":{"0":0,"1":1,"2":3},"b":{},"_coverageSchema":"1a1c01bbd47fc00a2c39e90264f33305004495a9","hash":"e56860ab48ef86ffeb3d4c5c1ba60c30b1b5dfbd"}
,"E:\\Users\\1133793\\Documents\\microfronts\\aws\\mfe-host-torrecontrol\\src\\data\\repositories\\AuthRepository.ts": {"path":"E:\\Users\\1133793\\Documents\\microfronts\\aws\\mfe-host-torrecontrol\\src\\data\\repositories\\AuthRepository.ts","statementMap":{"0":{"start":{"line":8,"column":48},"end":{"line":8,"column":128}},"1":{"start":{"line":9,"column":4},"end":{"line":9,"column":34}}},"fnMap":{"0":{"name":"(anonymous_0)","decl":{"start":{"line":7,"column":2},"end":{"line":7,"column":3}},"loc":{"start":{"line":7,"column":55},"end":{"line":10,"column":3}},"line":7}},"branchMap":{},"s":{"0":2,"1":1},"f":{"0":2},"b":{},"_coverageSchema":"1a1c01bbd47fc00a2c39e90264f33305004495a9","hash":"f22969c36131992babaeb111a1f06cf76cea7224"}
,"E:\\Users\\1133793\\Documents\\microfronts\\aws\\mfe-host-torrecontrol\\src\\data\\services\\AuthService.ts": {"path":"E:\\Users\\1133793\\Documents\\microfronts\\aws\\mfe-host-torrecontrol\\src\\data\\services\\AuthService.ts","statementMap":{"0":{"start":{"line":9,"column":4},"end":{"line":9,"column":41}},"1":{"start":{"line":13,"column":4},"end":{"line":21,"column":5}},"2":{"start":{"line":14,"column":20},"end":{"line":14,"column":60}},"3":{"start":{"line":15,"column":6},"end":{"line":17,"column":7}},"4":{"start":{"line":16,"column":8},"end":{"line":16,"column":21}},"5":{"start":{"line":18,"column":6},"end":{"line":18,"column":19}},"6":{"start":{"line":20,"column":6},"end":{"line":20,"column":18}}},"fnMap":{"0":{"name":"(anonymous_0)","decl":{"start":{"line":8,"column":2},"end":{"line":8,"column":3}},"loc":{"start":{"line":8,"column":70},"end":{"line":10,"column":3}},"line":8},"1":{"name":"(anonymous_1)","decl":{"start":{"line":12,"column":2},"end":{"line":12,"column":3}},"loc":{"start":{"line":12,"column":65},"end":{"line":22,"column":3}},"line":12}},"branchMap":{"0":{"loc":{"start":{"line":8,"column":14},"end":{"line":8,"column":67}},"type":"default-arg","locations":[{"start":{"line":8,"column":47},"end":{"line":8,"column":67}}],"line":8},"1":{"loc":{"start":{"line":15,"column":6},"end":{"line":17,"column":7}},"type":"if","locations":[{"start":{"line":15,"column":6},"end":{"line":17,"column":7}},{"start":{},"end":{}}],"line":15}},"s":{"0":3,"1":3,"2":3,"3":2,"4":1,"5":1,"6":1},"f":{"0":3,"1":3},"b":{"0":[0],"1":[1,1]},"_coverageSchema":"1a1c01bbd47fc00a2c39e90264f33305004495a9","hash":"081d871ee50d5c79774c4cde5fd37905f18ae559"}
,"E:\\Users\\1133793\\Documents\\microfronts\\aws\\mfe-host-torrecontrol\\src\\presentation\\components\\TokenAuth.tsx": {"path":"E:\\Users\\1133793\\Documents\\microfronts\\aws\\mfe-host-torrecontrol\\src\\presentation\\components\\TokenAuth.tsx","statementMap":{"0":{"start":{"line":7,"column":28},"end":{"line":60,"column":1}},"1":{"start":{"line":8,"column":18},"end":{"line":8,"column":46}},"2":{"start":{"line":9,"column":19},"end":{"line":9,"column":32}},"3":{"start":{"line":10,"column":34},"end":{"line":10,"column":64}},"4":{"start":{"line":11,"column":23},"end":{"line":11,"column":37}},"5":{"start":{"line":12,"column":22},"end":{"line":12,"column":39}},"6":{"start":{"line":14,"column":22},"end":{"line":39,"column":3}},"7":{"start":{"line":15,"column":4},"end":{"line":38,"column":5}},"8":{"start":{"line":16,"column":19},"end":{"line":16,"column":47}},"9":{"start":{"line":17,"column":19},"end":{"line":17,"column":36}},"10":{"start":{"line":19,"column":6},"end":{"line":22,"column":7}},"11":{"start":{"line":20,"column":8},"end":{"line":20,"column":27}},"12":{"start":{"line":21,"column":8},"end":{"line":21,"column":15}},"13":{"start":{"line":24,"column":21},"end":{"line":27,"column":8}},"14":{"start":{"line":29,"column":6},"end":{"line":32,"column":7}},"15":{"start":{"line":30,"column":8},"end":{"line":30,"column":27}},"16":{"start":{"line":31,"column":8},"end":{"line":31,"column":15}},"17":{"start":{"line":34,"column":6},"end":{"line":34,"column":23}},"18":{"start":{"line":35,"column":6},"end":{"line":35,"column":24}},"19":{"start":{"line":37,"column":6},"end":{"line":37,"column":25}},"20":{"start":{"line":41,"column":2},"end":{"line":47,"column":14}},"21":{"start":{"line":42,"column":4},"end":{"line":46,"column":5}},"22":{"start":{"line":43,"column":6},"end":{"line":43,"column":25}},"23":{"start":{"line":45,"column":6},"end":{"line":45,"column":25}},"24":{"start":{"line":49,"column":2},"end":{"line":57,"column":27}},"25":{"start":{"line":50,"column":4},"end":{"line":56,"column":5}},"26":{"start":{"line":51,"column":6},"end":{"line":55,"column":7}},"27":{"start":{"line":52,"column":8},"end":{"line":52,"column":34}},"28":{"start":{"line":54,"column":8},"end":{"line":54,"column":28}},"29":{"start":{"line":59,"column":2},"end":{"line":59,"column":14}}},"fnMap":{"0":{"name":"(anonymous_0)","decl":{"start":{"line":7,"column":28},"end":{"line":7,"column":29}},"loc":{"start":{"line":7,"column":34},"end":{"line":60,"column":1}},"line":7},"1":{"name":"(anonymous_1)","decl":{"start":{"line":14,"column":22},"end":{"line":14,"column":23}},"loc":{"start":{"line":14,"column":52},"end":{"line":39,"column":3}},"line":14},"2":{"name":"(anonymous_2)","decl":{"start":{"line":41,"column":12},"end":{"line":41,"column":13}},"loc":{"start":{"line":41,"column":18},"end":{"line":47,"column":3}},"line":41},"3":{"name":"(anonymous_3)","decl":{"start":{"line":49,"column":12},"end":{"line":49,"column":13}},"loc":{"start":{"line":49,"column":18},"end":{"line":57,"column":3}},"line":49}},"branchMap":{"0":{"loc":{"start":{"line":19,"column":6},"end":{"line":22,"column":7}},"type":"if","locations":[{"start":{"line":19,"column":6},"end":{"line":22,"column":7}},{"start":{},"end":{}}],"line":19},"1":{"loc":{"start":{"line":19,"column":10},"end":{"line":19,"column":98}},"type":"binary-expr","locations":[{"start":{"line":19,"column":10},"end":{"line":19,"column":35}},{"start":{"line":19,"column":39},"end":{"line":19,"column":68}},{"start":{"line":19,"column":72},"end":{"line":19,"column":98}}],"line":19},"2":{"loc":{"start":{"line":29,"column":6},"end":{"line":32,"column":7}},"type":"if","locations":[{"start":{"line":29,"column":6},"end":{"line":32,"column":7}},{"start":{},"end":{}}],"line":29},"3":{"loc":{"start":{"line":42,"column":4},"end":{"line":46,"column":5}},"type":"if","locations":[{"start":{"line":42,"column":4},"end":{"line":46,"column":5}},{"start":{"line":44,"column":11},"end":{"line":46,"column":5}}],"line":42},"4":{"loc":{"start":{"line":50,"column":4},"end":{"line":56,"column":5}},"type":"if","locations":[{"start":{"line":50,"column":4},"end":{"line":56,"column":5}},{"start":{},"end":{}}],"line":50},"5":{"loc":{"start":{"line":51,"column":6},"end":{"line":55,"column":7}},"type":"if","locations":[{"start":{"line":51,"column":6},"end":{"line":55,"column":7}},{"start":{"line":53,"column":13},"end":{"line":55,"column":7}}],"line":51}},"s":{"0":1,"1":6,"2":6,"3":6,"4":6,"5":6,"6":6,"7":3,"8":3,"9":2,"10":2,"11":1,"12":1,"13":1,"14":1,"15":0,"16":0,"17":1,"18":1,"19":1,"20":6,"21":3,"22":3,"23":0,"24":6,"25":6,"26":3,"27":1,"28":2,"29":6},"f":{"0":6,"1":3,"2":3,"3":6},"b":{"0":[1,1],"1":[2,1,1],"2":[0,1],"3":[3,0],"4":[3,3],"5":[1,2]},"_coverageSchema":"1a1c01bbd47fc00a2c39e90264f33305004495a9","hash":"afeeed69151078304424f1ea0a834a68323e7ad1"}
,"E:\\Users\\1133793\\Documents\\microfronts\\aws\\mfe-host-torrecontrol\\src\\safe\\SafeView.jsx": {"path":"E:\\Users\\1133793\\Documents\\microfronts\\aws\\mfe-host-torrecontrol\\src\\safe\\SafeView.jsx","statementMap":{"0":{"start":{"line":17,"column":4},"end":{"line":17,"column":17}},"1":{"start":{"line":18,"column":4},"end":{"line":20,"column":6}},"2":{"start":{"line":23,"column":4},"end":{"line":25,"column":6}},"3":{"start":{"line":37,"column":4},"end":{"line":52,"column":5}},"4":{"start":{"line":38,"column":22},"end":{"line":38,"column":88}},"5":{"start":{"line":39,"column":6},"end":{"line":51,"column":8}},"6":{"start":{"line":53,"column":4},"end":{"line":53,"column":38}},"7":{"start":{"line":56,"column":19},"end":{"line":56,"column":22}},"8":{"start":{"line":66,"column":0},"end":{"line":73,"column":2}}},"fnMap":{"0":{"name":"(anonymous_0)","decl":{"start":{"line":16,"column":2},"end":{"line":16,"column":3}},"loc":{"start":{"line":16,"column":21},"end":{"line":21,"column":3}},"line":16},"1":{"name":"(anonymous_1)","decl":{"start":{"line":22,"column":2},"end":{"line":22,"column":3}},"loc":{"start":{"line":22,"column":41},"end":{"line":26,"column":3}},"line":22},"2":{"name":"(anonymous_2)","decl":{"start":{"line":27,"column":2},"end":{"line":27,"column":3}},"loc":{"start":{"line":27,"column":22},"end":{"line":27,"column":24}},"line":27},"3":{"name":"(anonymous_3)","decl":{"start":{"line":36,"column":2},"end":{"line":36,"column":3}},"loc":{"start":{"line":36,"column":11},"end":{"line":54,"column":3}},"line":36}},"branchMap":{"0":{"loc":{"start":{"line":37,"column":4},"end":{"line":52,"column":5}},"type":"if","locations":[{"start":{"line":37,"column":4},"end":{"line":52,"column":5}},{"start":{},"end":{}}],"line":37},"1":{"loc":{"start":{"line":38,"column":38},"end":{"line":38,"column":86}},"type":"cond-expr","locations":[{"start":{"line":38,"column":58},"end":{"line":38,"column":81}},{"start":{"line":38,"column":84},"end":{"line":38,"column":86}}],"line":38},"2":{"loc":{"start":{"line":45,"column":22},"end":{"line":45,"column":69}},"type":"cond-expr","locations":[{"start":{"line":45,"column":41},"end":{"line":45,"column":57}},{"start":{"line":45,"column":60},"end":{"line":45,"column":69}}],"line":45}},"s":{"0":4,"1":4,"2":2,"3":5,"4":1,"5":1,"6":4,"7":1,"8":1},"f":{"0":4,"1":2,"2":1,"3":5},"b":{"0":[1,4],"1":[0,1],"2":[1,0]},"_coverageSchema":"1a1c01bbd47fc00a2c39e90264f33305004495a9","hash":"8ba7cd3a5f7ade3ef662e51ef3b33c62ef5fc531"}
,"E:\\Users\\1133793\\Documents\\microfronts\\aws\\mfe-host-torrecontrol\\src\\skeleton\\Skeleton.tsx": {"path":"E:\\Users\\1133793\\Documents\\microfronts\\aws\\mfe-host-torrecontrol\\src\\skeleton\\Skeleton.tsx","statementMap":{"0":{"start":{"line":11,"column":18},"end":{"line":11,"column":20}},"1":{"start":{"line":12,"column":19},"end":{"line":12,"column":22}},"2":{"start":{"line":13,"column":41},"end":{"line":52,"column":1}},"3":{"start":{"line":21,"column":40},"end":{"line":21,"column":56}},"4":{"start":{"line":22,"column":21},"end":{"line":26,"column":3}},"5":{"start":{"line":27,"column":2},"end":{"line":31,"column":9}},"6":{"start":{"line":28,"column":4},"end":{"line":30,"column":5}},"7":{"start":{"line":29,"column":6},"end":{"line":29,"column":28}},"8":{"start":{"line":33,"column":16},"end":{"line":37,"column":3}},"9":{"start":{"line":38,"column":2},"end":{"line":51,"column":4}}},"fnMap":{"0":{"name":"(anonymous_0)","decl":{"start":{"line":13,"column":41},"end":{"line":13,"column":42}},"loc":{"start":{"line":20,"column":6},"end":{"line":52,"column":1}},"line":20},"1":{"name":"(anonymous_1)","decl":{"start":{"line":27,"column":12},"end":{"line":27,"column":13}},"loc":{"start":{"line":27,"column":18},"end":{"line":31,"column":3}},"line":27}},"branchMap":{"0":{"loc":{"start":{"line":14,"column":2},"end":{"line":14,"column":20}},"type":"default-arg","locations":[{"start":{"line":14,"column":11},"end":{"line":14,"column":20}}],"line":14},"1":{"loc":{"start":{"line":15,"column":2},"end":{"line":15,"column":20}},"type":"default-arg","locations":[{"start":{"line":15,"column":10},"end":{"line":15,"column":20}}],"line":15},"2":{"loc":{"start":{"line":16,"column":2},"end":{"line":16,"column":16}},"type":"default-arg","locations":[{"start":{"line":16,"column":11},"end":{"line":16,"column":16}}],"line":16},"3":{"loc":{"start":{"line":17,"column":2},"end":{"line":17,"column":17}},"type":"default-arg","locations":[{"start":{"line":17,"column":12},"end":{"line":17,"column":17}}],"line":17},"4":{"loc":{"start":{"line":18,"column":2},"end":{"line":18,"column":16}},"type":"default-arg","locations":[{"start":{"line":18,"column":11},"end":{"line":18,"column":16}}],"line":18},"5":{"loc":{"start":{"line":19,"column":2},"end":{"line":19,"column":16}},"type":"default-arg","locations":[{"start":{"line":19,"column":14},"end":{"line":19,"column":16}}],"line":19},"6":{"loc":{"start":{"line":28,"column":4},"end":{"line":30,"column":5}},"type":"if","locations":[{"start":{"line":28,"column":4},"end":{"line":30,"column":5}},{"start":{},"end":{}}],"line":28},"7":{"loc":{"start":{"line":28,"column":8},"end":{"line":28,"column":34}},"type":"binary-expr","locations":[{"start":{"line":28,"column":8},"end":{"line":28,"column":14}},{"start":{"line":28,"column":18},"end":{"line":28,"column":34}}],"line":28},"8":{"loc":{"start":{"line":36,"column":18},"end":{"line":36,"column":58}},"type":"cond-expr","locations":[{"start":{"line":36,"column":27},"end":{"line":36,"column":32}},{"start":{"line":36,"column":35},"end":{"line":36,"column":58}}],"line":36},"9":{"loc":{"start":{"line":36,"column":35},"end":{"line":36,"column":58}},"type":"cond-expr","locations":[{"start":{"line":36,"column":45},"end":{"line":36,"column":51}},{"start":{"line":36,"column":54},"end":{"line":36,"column":58}}],"line":36},"10":{"loc":{"start":{"line":40,"column":7},"end":{"line":48,"column":7}},"type":"cond-expr","locations":[{"start":{"line":41,"column":8},"end":{"line":43,"column":15}},{"start":{"line":45,"column":8},"end":{"line":47,"column":15}}],"line":40}},"s":{"0":1,"1":1,"2":1,"3":6,"4":6,"5":6,"6":5,"7":1,"8":6,"9":6},"f":{"0":6,"1":5},"b":{"0":[3],"1":[3],"2":[1],"3":[1],"4":[1],"5":[1],"6":[1,4],"7":[5,2],"8":[3,3],"9":[1,2],"10":[3,3]},"_coverageSchema":"1a1c01bbd47fc00a2c39e90264f33305004495a9","hash":"2c28de49c423003b75992ed7a423c1125ab67033"}
,"E:\\Users\\1133793\\Documents\\microfronts\\aws\\mfe-host-torrecontrol\\src\\welcome\\Welcome.tsx": {"path":"E:\\Users\\1133793\\Documents\\microfronts\\aws\\mfe-host-torrecontrol\\src\\welcome\\Welcome.tsx","statementMap":{"0":{"start":{"line":4,"column":19},"end":{"line":4,"column":69}},"1":{"start":{"line":4,"column":34},"end":{"line":4,"column":68}},"2":{"start":{"line":7,"column":16},"end":{"line":33,"column":1}},"3":{"start":{"line":8,"column":2},"end":{"line":32,"column":4}}},"fnMap":{"0":{"name":"(anonymous_0)","decl":{"start":{"line":4,"column":30},"end":{"line":4,"column":31}},"loc":{"start":{"line":4,"column":34},"end":{"line":4,"column":68}},"line":4},"1":{"name":"(anonymous_1)","decl":{"start":{"line":7,"column":16},"end":{"line":7,"column":17}},"loc":{"start":{"line":7,"column":22},"end":{"line":33,"column":1}},"line":7}},"branchMap":{},"s":{"0":1,"1":1,"2":1,"3":2},"f":{"0":1,"1":2},"b":{},"_coverageSchema":"1a1c01bbd47fc00a2c39e90264f33305004495a9","hash":"da95d2ee5fe67a7e13580a037dbc108237bf7ef3"}
,"E:\\Users\\1133793\\Documents\\microfronts\\aws\\mfe-host-torrecontrol\\test\\mock\\LazyComp.tsx": {"path":"E:\\Users\\1133793\\Documents\\microfronts\\aws\\mfe-host-torrecontrol\\test\\mock\\LazyComp.tsx","statementMap":{"0":{"start":{"line":3,"column":17},"end":{"line":5,"column":1}},"1":{"start":{"line":4,"column":2},"end":{"line":4,"column":19}}},"fnMap":{"0":{"name":"(anonymous_0)","decl":{"start":{"line":3,"column":17},"end":{"line":3,"column":18}},"loc":{"start":{"line":3,"column":23},"end":{"line":5,"column":1}},"line":3}},"branchMap":{},"s":{"0":1,"1":1},"f":{"0":1},"b":{},"_coverageSchema":"1a1c01bbd47fc00a2c39e90264f33305004495a9","hash":"9122a8ecc4c198637a140313499f07986ead9227"}
,"E:\\Users\\1133793\\Documents\\microfronts\\aws\\mfe-host-torrecontrol\\test\\mock\\styleMock.js": {"path":"E:\\Users\\1133793\\Documents\\microfronts\\aws\\mfe-host-torrecontrol\\test\\mock\\styleMock.js","statementMap":{"0":{"start":{"line":1,"column":0},"end":{"line":1,"column":20}}},"fnMap":{},"branchMap":{},"s":{"0":1},"f":{},"b":{},"_coverageSchema":"1a1c01bbd47fc00a2c39e90264f33305004495a9","hash":"a1be638cccfdb155db9c34ed32c9ae51c82aa6fe"}
}
