TN:
SF:src\app\router\RouterApp.tsx
FN:6,(anonymous_0)
FN:8,(anonymous_1)
FN:10,(anonymous_2)
FNF:3
FNH:2
FNDA:0,(anonymous_0)
FNDA:1,(anonymous_1)
FNDA:3,(anonymous_2)
DA:6,1
DA:8,1
DA:10,1
DA:11,3
LF:4
LH:4
BRF:0
BRH:0
end_of_record
TN:
SF:src\data\repositories\AuthRepository.ts
FN:7,(anonymous_0)
FNF:1
FNH:1
FNDA:2,(anonymous_0)
DA:8,2
DA:9,1
LF:2
LH:2
BRF:0
BRH:0
end_of_record
TN:
SF:src\data\services\AuthService.ts
FN:8,(anonymous_0)
FN:12,(anonymous_1)
FNF:2
FNH:2
FNDA:3,(anonymous_0)
FNDA:3,(anonymous_1)
DA:9,3
DA:13,3
DA:14,3
DA:15,2
DA:16,1
DA:18,1
DA:20,1
LF:7
LH:7
BRDA:8,0,0,0
BRDA:15,1,0,1
BRDA:15,1,1,1
BRF:3
BRH:2
end_of_record
TN:
SF:src\presentation\components\TokenAuth.tsx
FN:7,(anonymous_0)
FN:14,(anonymous_1)
FN:41,(anonymous_2)
FN:49,(anonymous_3)
FNF:4
FNH:4
FNDA:6,(anonymous_0)
FNDA:3,(anonymous_1)
FNDA:3,(anonymous_2)
FNDA:6,(anonymous_3)
DA:7,1
DA:8,6
DA:9,6
DA:10,6
DA:11,6
DA:12,6
DA:14,6
DA:15,3
DA:16,3
DA:17,2
DA:19,2
DA:20,1
DA:21,1
DA:24,1
DA:29,1
DA:30,0
DA:31,0
DA:34,1
DA:35,1
DA:37,1
DA:41,6
DA:42,3
DA:43,3
DA:45,0
DA:49,6
DA:50,6
DA:51,3
DA:52,1
DA:54,2
DA:59,6
LF:30
LH:27
BRDA:19,0,0,1
BRDA:19,0,1,1
BRDA:19,1,0,2
BRDA:19,1,1,1
BRDA:19,1,2,1
BRDA:29,2,0,0
BRDA:29,2,1,1
BRDA:42,3,0,3
BRDA:42,3,1,0
BRDA:50,4,0,3
BRDA:50,4,1,3
BRDA:51,5,0,1
BRDA:51,5,1,2
BRF:13
BRH:11
end_of_record
TN:
SF:src\safe\SafeView.jsx
FN:16,(anonymous_0)
FN:22,(anonymous_1)
FN:27,(anonymous_2)
FN:36,(anonymous_3)
FNF:4
FNH:4
FNDA:4,(anonymous_0)
FNDA:2,(anonymous_1)
FNDA:1,(anonymous_2)
FNDA:5,(anonymous_3)
DA:17,4
DA:18,4
DA:23,2
DA:37,5
DA:38,1
DA:39,1
DA:53,4
DA:56,1
DA:66,1
LF:9
LH:9
BRDA:37,0,0,1
BRDA:37,0,1,4
BRDA:38,1,0,0
BRDA:38,1,1,1
BRDA:45,2,0,1
BRDA:45,2,1,0
BRF:6
BRH:4
end_of_record
TN:
SF:src\skeleton\Skeleton.tsx
FN:13,(anonymous_0)
FN:27,(anonymous_1)
FNF:2
FNH:2
FNDA:6,(anonymous_0)
FNDA:5,(anonymous_1)
DA:11,1
DA:12,1
DA:13,1
DA:21,6
DA:22,6
DA:27,6
DA:28,5
DA:29,1
DA:33,6
DA:38,6
LF:10
LH:10
BRDA:14,0,0,3
BRDA:15,1,0,3
BRDA:16,2,0,1
BRDA:17,3,0,1
BRDA:18,4,0,1
BRDA:19,5,0,1
BRDA:28,6,0,1
BRDA:28,6,1,4
BRDA:28,7,0,5
BRDA:28,7,1,2
BRDA:36,8,0,3
BRDA:36,8,1,3
BRDA:36,9,0,1
BRDA:36,9,1,2
BRDA:40,10,0,3
BRDA:40,10,1,3
BRF:16
BRH:16
end_of_record
TN:
SF:src\welcome\Welcome.tsx
FN:4,(anonymous_0)
FN:7,(anonymous_1)
FNF:2
FNH:2
FNDA:1,(anonymous_0)
FNDA:2,(anonymous_1)
DA:4,1
DA:7,1
DA:8,2
LF:3
LH:3
BRF:0
BRH:0
end_of_record
TN:
SF:test\mock\LazyComp.tsx
FN:3,(anonymous_0)
FNF:1
FNH:1
FNDA:1,(anonymous_0)
DA:3,1
DA:4,1
LF:2
LH:2
BRF:0
BRH:0
end_of_record
TN:
SF:test\mock\styleMock.js
FNF:0
FNH:0
DA:1,1
LF:1
LH:1
BRF:0
BRH:0
end_of_record
